<?xml version="1.0" encoding="UTF-8"?>
<!-- Generated by org.testng.reporters.JUnitReportReporter -->
<testsuite hostname="Yugma-PC" name="com.unit.testcases.CreatePurchaseOrderTestCase" tests="11" failures="0" timestamp="29 Sep 2019 03:20:34 GMT" time="0.506" errors="0">
  <testcase name="createNewSpecialPo" time="0.025" classname="com.unit.testcases.CreatePurchaseOrderTestCase"/>
  <testcase name="checkDescription" time="0.030" classname="com.unit.testcases.CreatePurchaseOrderTestCase"/>
  <testcase name="deleteAddedPo" time="0.082" classname="com.unit.testcases.CreatePurchaseOrderTestCase"/>
  <testcase name="deleteSpecialAddedPo" time="0.050" classname="com.unit.testcases.CreatePurchaseOrderTestCase"/>
  <testcase name="getMaxPoIdSpecial" time="0.005" classname="com.unit.testcases.CreatePurchaseOrderTestCase"/>
  <testcase name="addPurchaseOrder" time="0.095" classname="com.unit.testcases.CreatePurchaseOrderTestCase"/>
  <testcase name="addSpecialPurchaseOrder" time="0.061" classname="com.unit.testcases.CreatePurchaseOrderTestCase"/>
  <testcase name="checkSpecialDescription" time="0.025" classname="com.unit.testcases.CreatePurchaseOrderTestCase"/>
  <testcase name="createNewPo" time="0.081" classname="com.unit.testcases.CreatePurchaseOrderTestCase"/>
  <testcase name="getMaxPoId" time="0.000" classname="com.unit.testcases.CreatePurchaseOrderTestCase"/>
  <testcase name="updatePo" time="0.052" classname="com.unit.testcases.CreatePurchaseOrderTestCase"/>
</testsuite> <!-- com.unit.testcases.CreatePurchaseOrderTestCase -->
