<?xml version="1.0" encoding="UTF-8"?>
<!-- Generated by org.testng.reporters.JUnitReportReporter -->
<testsuite hostname="Yugma-PC" name="com.unit.testcases.SupplierTestng" tests="1" failures="0" timestamp="26 Sep 2019 16:47:31 GMT" time="0.047" errors="0">
  <testcase name="addSupplier" time="0.047" classname="com.unit.testcases.SupplierTestng"/>
</testsuite> <!-- com.unit.testcases.SupplierTestng -->
